<?xml version="1.0" encoding="UTF-8"?>
<testsuite xmlns:xsi="http://www.w3.org/2001/XMLSchema-instance" xsi:noNamespaceSchemaLocation="https://maven.apache.org/surefire/maven-surefire-plugin/xsd/surefire-test-report.xsd" name="Examples" time="0.27" tests="4" errors="0" skipped="0" failures="0">
  <properties>
[...]
</properties>
  <testcase name="Example #1" classname="Examples" time="0.172"/>
  <testcase name="Example #2" classname="Examples" time="0.047"/>
  <testcase name="Example #3" classname="Examples" time="0.021"/>
  <testcase name="Example #4" classname="Examples" time="0.023"/>
</testsuite>